<?xml version="1.0" encoding="UTF-8"?>
<!-- Generated by org.testng.reporters.JUnitReportReporter -->
<testsuite hostname="KENN" failures="0" tests="3" name="KENNCompany.tests.StandAloneTestWithDesignPattern" time="21.139" errors="0" timestamp="2024-04-26T09:14:40 MMT" skipped="0">
  <testcase classname="KENNCompany.tests.StandAloneTestWithDesignPattern" name="orderHistoryTest" time="4.698"/>
  <testcase classname="KENNCompany.tests.StandAloneTestWithDesignPattern" name="submitOrder" time="7.311"/>
  <testcase classname="KENNCompany.tests.StandAloneTestWithDesignPattern" name="submitOrder" time="9.130"/>
</testsuite> <!-- KENNCompany.tests.StandAloneTestWithDesignPattern -->
