<?xml version="1.0" encoding="UTF-8"?>
<!-- Generated by org.testng.reporters.JUnitReportReporter -->
<testsuite hostname="KENN" failures="0" tests="3" name="KENNCompany.tests.StandAloneTestWithDesignPattern" time="188.606" errors="0" timestamp="2024-04-29T10:27:15 MMT" skipped="0">
  <testcase classname="KENNCompany.tests.StandAloneTestWithDesignPattern" name="submitOrder" time="65.629"/>
  <testcase classname="KENNCompany.tests.StandAloneTestWithDesignPattern" name="orderHistoryTest" time="60.912"/>
  <testcase classname="KENNCompany.tests.StandAloneTestWithDesignPattern" name="submitOrder" time="62.065"/>
</testsuite> <!-- KENNCompany.tests.StandAloneTestWithDesignPattern -->
